<?xml version="1.0" encoding="UTF-8"?>
<testsuite xmlns:xsi="http://www.w3.org/2001/XMLSchema-instance" xsi:noNamespaceSchemaLocation="https://maven.apache.org/surefire/maven-surefire-plugin/xsd/surefire-test-report-3.0.xsd" version="3.0" name="com.function.GetWeekStartDateTest" time="0.013" tests="4" errors="0" skipped="0" failures="0">
  <properties>
    <property name="java.specification.version" value="20"/>
    <property name="sun.jnu.encoding" value="UTF-8"/>
    <property name="java.class.path" value="/Users/tom/code/trello-availability-microservices/target/test-classes:/Users/tom/code/trello-availability-microservices/target/classes:/Users/tom/.m2/repository/com/microsoft/azure/functions/azure-functions-java-library/3.0.0/azure-functions-java-library-3.0.0.jar:/Users/tom/.m2/repository/com/microsoft/azure/functions/azure-functions-java-core-library/1.2.0/azure-functions-java-core-library-1.2.0.jar:/Users/tom/.m2/repository/org/apache/commons/commons-text/1.10.0/commons-text-1.10.0.jar:/Users/tom/.m2/repository/org/apache/commons/commons-lang3/3.12.0/commons-lang3-3.12.0.jar:/Users/tom/.m2/repository/commons-io/commons-io/2.7/commons-io-2.7.jar:/Users/tom/.m2/repository/org/json/json/20230227/json-20230227.jar:/Users/tom/.m2/repository/junit/junit/5.0-SNAPSHOT/junit-5.0-SNAPSHOT.jar:/Users/tom/.m2/repository/org/hamcrest/hamcrest-core/1.3/hamcrest-core-1.3.jar:/Users/tom/.m2/repository/org/mockito/mockito-core/4.10.0/mockito-core-4.10.0.jar:/Users/tom/.m2/repository/net/bytebuddy/byte-buddy/1.12.19/byte-buddy-1.12.19.jar:/Users/tom/.m2/repository/net/bytebuddy/byte-buddy-agent/1.12.19/byte-buddy-agent-1.12.19.jar:/Users/tom/.m2/repository/org/objenesis/objenesis/3.3/objenesis-3.3.jar:"/>
    <property name="java.vm.vendor" value="Homebrew"/>
    <property name="sun.arch.data.model" value="64"/>
    <property name="java.vendor.url" value="https://github.com/Homebrew/homebrew-core/issues"/>
    <property name="user.timezone" value="Europe/London"/>
    <property name="os.name" value="Mac OS X"/>
    <property name="java.vm.specification.version" value="20"/>
    <property name="sun.java.launcher" value="SUN_STANDARD"/>
    <property name="user.country" value="GB"/>
    <property name="sun.boot.library.path" value="/opt/homebrew/Cellar/openjdk/20/libexec/openjdk.jdk/Contents/Home/lib"/>
    <property name="sun.java.command" value="/Users/tom/code/trello-availability-microservices/target/surefire/surefirebooter-20230417205641015_3.jar /Users/tom/code/trello-availability-microservices/target/surefire 2023-04-17T20-56-40_966-jvmRun1 surefire-20230417205641015_1tmp surefire_0-20230417205641015_2tmp"/>
    <property name="jdk.debug" value="release"/>
    <property name="surefire.test.class.path" value="/Users/tom/code/trello-availability-microservices/target/test-classes:/Users/tom/code/trello-availability-microservices/target/classes:/Users/tom/.m2/repository/com/microsoft/azure/functions/azure-functions-java-library/3.0.0/azure-functions-java-library-3.0.0.jar:/Users/tom/.m2/repository/com/microsoft/azure/functions/azure-functions-java-core-library/1.2.0/azure-functions-java-core-library-1.2.0.jar:/Users/tom/.m2/repository/org/apache/commons/commons-text/1.10.0/commons-text-1.10.0.jar:/Users/tom/.m2/repository/org/apache/commons/commons-lang3/3.12.0/commons-lang3-3.12.0.jar:/Users/tom/.m2/repository/commons-io/commons-io/2.7/commons-io-2.7.jar:/Users/tom/.m2/repository/org/json/json/20230227/json-20230227.jar:/Users/tom/.m2/repository/junit/junit/5.0-SNAPSHOT/junit-5.0-SNAPSHOT.jar:/Users/tom/.m2/repository/org/hamcrest/hamcrest-core/1.3/hamcrest-core-1.3.jar:/Users/tom/.m2/repository/org/mockito/mockito-core/4.10.0/mockito-core-4.10.0.jar:/Users/tom/.m2/repository/net/bytebuddy/byte-buddy/1.12.19/byte-buddy-1.12.19.jar:/Users/tom/.m2/repository/net/bytebuddy/byte-buddy-agent/1.12.19/byte-buddy-agent-1.12.19.jar:/Users/tom/.m2/repository/org/objenesis/objenesis/3.3/objenesis-3.3.jar:"/>
    <property name="sun.cpu.endian" value="little"/>
    <property name="user.home" value="/Users/tom"/>
    <property name="user.language" value="en"/>
    <property name="java.specification.vendor" value="Oracle Corporation"/>
    <property name="java.version.date" value="2023-03-21"/>
    <property name="java.home" value="/opt/homebrew/Cellar/openjdk/20/libexec/openjdk.jdk/Contents/Home"/>
    <property name="file.separator" value="/"/>
    <property name="basedir" value="/Users/tom/code/trello-availability-microservices"/>
    <property name="java.vm.compressedOopsMode" value="Zero based"/>
    <property name="line.separator" value="&#10;"/>
    <property name="java.specification.name" value="Java Platform API Specification"/>
    <property name="java.vm.specification.vendor" value="Oracle Corporation"/>
    <property name="apple.awt.application.name" value="ForkedBooter"/>
    <property name="surefire.real.class.path" value="/Users/tom/code/trello-availability-microservices/target/surefire/surefirebooter-20230417205641015_3.jar"/>
    <property name="sun.management.compiler" value="HotSpot 64-Bit Tiered Compilers"/>
    <property name="java.runtime.version" value="20"/>
    <property name="user.name" value="tom"/>
    <property name="stdout.encoding" value="UTF-8"/>
    <property name="path.separator" value=":"/>
    <property name="os.version" value="13.3.1"/>
    <property name="java.runtime.name" value="OpenJDK Runtime Environment"/>
    <property name="file.encoding" value="UTF-8"/>
    <property name="java.vm.name" value="OpenJDK 64-Bit Server VM"/>
    <property name="java.vendor.version" value="Homebrew"/>
    <property name="localRepository" value="/Users/tom/.m2/repository"/>
    <property name="java.vendor.url.bug" value="https://github.com/Homebrew/homebrew-core/issues"/>
    <property name="java.io.tmpdir" value="/var/folders/k3/zbbknb0x4g5g82xpmtb_gjyh0000gq/T/"/>
    <property name="java.version" value="20"/>
    <property name="user.dir" value="/Users/tom/code/trello-availability-microservices"/>
    <property name="os.arch" value="aarch64"/>
    <property name="java.vm.specification.name" value="Java Virtual Machine Specification"/>
    <property name="native.encoding" value="UTF-8"/>
    <property name="java.library.path" value="/Users/tom/Library/Java/Extensions:/Library/Java/Extensions:/Network/Library/Java/Extensions:/System/Library/Java/Extensions:/usr/lib/java:."/>
    <property name="java.vm.info" value="mixed mode, sharing"/>
    <property name="stderr.encoding" value="UTF-8"/>
    <property name="java.vendor" value="Homebrew"/>
    <property name="java.vm.version" value="20"/>
    <property name="sun.io.unicode.encoding" value="UnicodeBig"/>
    <property name="java.class.version" value="64.0"/>
  </properties>
  <testcase name="tuesdayMidMonth" classname="com.function.GetWeekStartDateTest" time="0.009">
    <system-err><![CDATA[Apr 17, 2023 8:56:41 PM com.function.GetWeekStartDate run
INFO: Java HTTP trigger processed a request.
Apr 17, 2023 8:56:41 PM com.function.GetWeekStartDate run
INFO: Received startTime of 2019-03-19T10:30:00.0000000+00:00
]]></system-err>
  </testcase>
  <testcase name="sundayMidMonth" classname="com.function.GetWeekStartDateTest" time="0.001">
    <system-err><![CDATA[Apr 17, 2023 8:56:41 PM com.function.GetWeekStartDate run
INFO: Java HTTP trigger processed a request.
Apr 17, 2023 8:56:41 PM com.function.GetWeekStartDate run
INFO: Received startTime of 2019-03-24T10:30:00.0000000+00:00
]]></system-err>
  </testcase>
  <testcase name="mondayMidMonth" classname="com.function.GetWeekStartDateTest" time="0.001">
    <system-err><![CDATA[Apr 17, 2023 8:56:41 PM com.function.GetWeekStartDate run
INFO: Java HTTP trigger processed a request.
Apr 17, 2023 8:56:41 PM com.function.GetWeekStartDate run
INFO: Received startTime of 2019-03-18T10:30:00.0000000+00:00
]]></system-err>
  </testcase>
  <testcase name="fridayNewMonth" classname="com.function.GetWeekStartDateTest" time="0.001">
    <system-err><![CDATA[Apr 17, 2023 8:56:41 PM com.function.GetWeekStartDate run
INFO: Java HTTP trigger processed a request.
Apr 17, 2023 8:56:41 PM com.function.GetWeekStartDate run
INFO: Received startTime of 2019-03-01T10:30:00.0000000+00:00
]]></system-err>
  </testcase>
</testsuite>